#
# There is insufficient memory for the Java Runtime Environment to continue.
# Native memory allocation (malloc) failed to allocate 32744 bytes for ChunkPool::allocate
# Possible reasons:
#   The system is out of physical RAM or swap space
#   In 32 bit mode, the process size limit was hit
# Possible solutions:
#   Reduce memory load on the system
#   Increase physical memory or swap space
#   Check if swap backing store is full
#   Use 64 bit Java on a 64 bit OS
#   Decrease Java heap size (-Xmx/-Xms)
#   Decrease number of Java threads
#   Decrease Java thread stack sizes (-Xss)
#   Set larger code cache with -XX:ReservedCodeCacheSize=
# This output file may be truncated or incomplete.
#
#  Out of Memory Error (allocation.cpp:273), pid=7664, tid=0x0000000000002094
#
# JRE version: Java(TM) SE Runtime Environment (8.0_152-b16) (build 1.8.0_152-b16)
# Java VM: Java HotSpot(TM) 64-Bit Server VM (25.152-b16 mixed mode windows-amd64 compressed oops)
# Failed to write core dump. Minidumps are not enabled by default on client versions of Windows
#

---------------  T H R E A D  ---------------

Current thread (0x0000000009bcb800):  JavaThread "C1 CompilerThread2" daemon [_thread_in_native, id=8340, stack(0x000000000a510000,0x000000000a610000)]

Stack: [0x000000000a510000,0x000000000a610000]
[error occurred during error reporting (printing stack bounds), id 0xc0000005]

Native frames: (J=compiled Java code, j=interpreted, Vv=VM code, C=native code)


Current CompileTask:
C1:  25997 3470       1       org.unbescape.html.HtmlEscapeSymbols::<init> (637 bytes)


---------------  P R O C E S S  ---------------

Java Threads: ( => current thread )
  0x000000000c7c4800 JavaThread "RMI TCP Connection(6)-127.0.0.1" daemon [_thread_in_native, id=9040, stack(0x000000001eaf0000,0x000000001ebf0000)]
  0x000000000c7c5000 JavaThread "RMI TCP Connection(5)-127.0.0.1" daemon [_thread_in_native, id=4400, stack(0x000000001e980000,0x000000001ea80000)]
  0x000000000c7c3800 JavaThread "DestroyJavaVM" [_thread_blocked, id=6472, stack(0x0000000002190000,0x0000000002290000)]
  0x000000000c7c3000 JavaThread "http-nio-8080-AsyncTimeout" daemon [_thread_blocked, id=1372, stack(0x000000001e780000,0x000000001e880000)]
  0x000000000c7c2000 JavaThread "http-nio-8080-Acceptor-0" daemon [_thread_in_native, id=7940, stack(0x00000000091d0000,0x00000000092d0000)]
  0x000000000c7c1800 JavaThread "http-nio-8080-ClientPoller-1" daemon [_thread_in_native, id=8296, stack(0x000000001e600000,0x000000001e700000)]
  0x000000000c7c0800 JavaThread "http-nio-8080-ClientPoller-0" daemon [_thread_in_native, id=2876, stack(0x000000001e420000,0x000000001e520000)]
  0x000000000c7bf800 JavaThread "http-nio-8080-exec-10" daemon [_thread_blocked, id=6580, stack(0x000000001e290000,0x000000001e390000)]
  0x000000000c7bf000 JavaThread "http-nio-8080-exec-9" daemon [_thread_blocked, id=8712, stack(0x000000001e160000,0x000000001e260000)]
  0x000000000c7be000 JavaThread "http-nio-8080-exec-8" daemon [_thread_blocked, id=7296, stack(0x000000000eec0000,0x000000000efc0000)]
  0x000000000ce51000 JavaThread "http-nio-8080-exec-7" daemon [_thread_blocked, id=6356, stack(0x000000000ec90000,0x000000000ed90000)]
  0x000000000ce50000 JavaThread "http-nio-8080-exec-6" daemon [_thread_blocked, id=7092, stack(0x000000000edc0000,0x000000000eec0000)]
  0x000000000ce4f800 JavaThread "http-nio-8080-exec-5" daemon [_thread_blocked, id=8020, stack(0x000000000eb90000,0x000000000ec90000)]
  0x000000000ce4e800 JavaThread "http-nio-8080-exec-4" daemon [_thread_blocked, id=8620, stack(0x000000000e930000,0x000000000ea30000)]
  0x000000000ce4e000 JavaThread "http-nio-8080-exec-3" daemon [_thread_blocked, id=7472, stack(0x000000000e770000,0x000000000e870000)]
  0x000000000ce4d000 JavaThread "http-nio-8080-exec-2" daemon [_thread_blocked, id=5240, stack(0x000000000e5e0000,0x000000000e6e0000)]
  0x000000000ce4c800 JavaThread "http-nio-8080-exec-1" daemon [_thread_in_Java, id=8604, stack(0x000000000e440000,0x000000000e540000)]
  0x000000000ce4b800 JavaThread "NioBlockingSelector.BlockPoller-1" daemon [_thread_in_native, id=7012, stack(0x000000000b540000,0x000000000b640000)]
  0x000000000ce4b000 JavaThread "container-0" [_thread_blocked, id=8992, stack(0x000000000b930000,0x000000000ba30000)]
  0x000000000ce4a000 JavaThread "ContainerBackgroundProcessor[StandardEngine[Tomcat]]" daemon [_thread_blocked, id=9032, stack(0x000000000bd60000,0x000000000be60000)]
  0x000000000ab90800 JavaThread "RMI TCP Connection(3)-127.0.0.1" daemon [_thread_in_native, id=7272, stack(0x000000000c140000,0x000000000c240000)]
  0x000000000a90a000 JavaThread "RMI Scheduler(0)" daemon [_thread_blocked, id=6572, stack(0x000000000ba30000,0x000000000bb30000)]
  0x000000000a902000 JavaThread "RMI TCP Connection(4)-127.0.0.1" daemon [_thread_in_native, id=7580, stack(0x000000000b1b0000,0x000000000b2b0000)]
  0x000000000a8fa800 JavaThread "RMI TCP Connection(1)-127.0.0.1" daemon [_thread_in_native, id=7792, stack(0x000000000b7c0000,0x000000000b8c0000)]
  0x000000000a8ef000 JavaThread "RMI TCP Accept-0" daemon [_thread_in_native, id=7988, stack(0x000000000b440000,0x000000000b540000)]
  0x000000000a8e3800 JavaThread "RMI TCP Accept-22176" daemon [_thread_in_native, id=6968, stack(0x000000000b300000,0x000000000b400000)]
  0x000000000a8d7000 JavaThread "RMI TCP Accept-0" daemon [_thread_in_native, id=2076, stack(0x000000000a000000,0x000000000a100000)]
  0x000000000a670800 JavaThread "Service Thread" daemon [_thread_blocked, id=8276, stack(0x000000000ae10000,0x000000000af10000)]
=>0x0000000009bcb800 JavaThread "C1 CompilerThread2" daemon [_thread_in_native, id=8340, stack(0x000000000a510000,0x000000000a610000)]
  0x0000000009bca800 JavaThread "C2 CompilerThread1" daemon [_thread_blocked, id=7328, stack(0x000000000a3a0000,0x000000000a4a0000)]
  0x0000000009bc9000 JavaThread "C2 CompilerThread0" daemon [_thread_blocked, id=6352, stack(0x000000000a140000,0x000000000a240000)]
  0x0000000009bc6000 JavaThread "Monitor Ctrl-Break" daemon [_thread_in_native, id=5880, stack(0x00000000095c0000,0x00000000096c0000)]
  0x000000000981e800 JavaThread "Attach Listener" daemon [_thread_blocked, id=8568, stack(0x0000000009f00000,0x000000000a000000)]
  0x00000000081d5000 JavaThread "Signal Dispatcher" daemon [_thread_blocked, id=8188, stack(0x0000000009d10000,0x0000000009e10000)]
  0x00000000081bf800 JavaThread "Finalizer" daemon [_thread_blocked, id=3288, stack(0x0000000009710000,0x0000000009810000)]
  0x0000000008178800 JavaThread "Reference Handler" daemon [_thread_blocked, id=8440, stack(0x00000000094a0000,0x00000000095a0000)]

Other Threads:
  0x0000000008171000 VMThread [stack: 0x00000000092e0000,0x00000000093e0000] [id=7692]
  0x000000000a8f2800 WatcherThread [stack: 0x000000000b680000,0x000000000b780000] [id=4528]

VM state:not at safepoint (normal execution)

VM Mutex/Monitor currently owned by a thread: None

Heap:
 PSYoungGen      total 119296K, used 20334K [0x00000000d5c00000, 0x00000000e0b80000, 0x0000000100000000)
  eden space 106496K, 19% used [0x00000000d5c00000,0x00000000d6fdbae0,0x00000000dc400000)
  from space 12800K, 0% used [0x00000000dc400000,0x00000000dc400000,0x00000000dd080000)
  to   space 14336K, 0% used [0x00000000dfd80000,0x00000000dfd80000,0x00000000e0b80000)
 ParOldGen       total 48128K, used 18651K [0x0000000081400000, 0x0000000084300000, 0x00000000d5c00000)
  object space 48128K, 38% used [0x0000000081400000,0x0000000082636ca8,0x0000000084300000)
 Metaspace       used 35450K, capacity 37174K, committed 37504K, reserved 1081344K
  class space    used 4832K, capacity 5140K, committed 5248K, reserved 1048576K

Card table byte_map: [0x0000000002840000,0x0000000002c40000] byte_map_base: 0x0000000002436000

Marking Bits: (ParMarkBitMap*) 0x000000005bb00860
 Begin Bits: [0x0000000003480000, 0x0000000005430000)
 End Bits:   [0x0000000005430000, 0x00000000073e0000)

Polling page: 0x0000000001b50000

CodeCache: size=245760Kb used=7150Kb max_used=7150Kb free=238609Kb
 bounds [0x000000000f010000, 0x000000000f710000, 0x000000001e010000]
 total_blobs=3889 nmethods=3440 adapters=360
 compilation: enabled

Compilation events (10 events):
Event: 25.977 Thread 0x0000000009bcb800 nmethod 3466 0x000000000f7045d0 code [0x000000000f704740, 0x000000000f7049a8]
Event: 25.977 Thread 0x0000000009bcb800 3465       1       org.unbescape.html.HtmlEscapeSymbols$References::addReference (27 bytes)
Event: 25.978 Thread 0x0000000009bcb800 nmethod 3465 0x000000000f704b10 code [0x000000000f704c80, 0x000000000f705018]
Event: 25.978 Thread 0x0000000009bcb800 3467       1       org.unbescape.html.HtmlEscapeSymbols$Reference::<init> (18 bytes)
Event: 25.978 Thread 0x0000000009bcb800 nmethod 3467 0x000000000f705250 code [0x000000000f7053c0, 0x000000000f705628]
Event: 25.980 Thread 0x0000000009bcb800 3468       1       java.util.TimSort::mergeHi (732 bytes)
Event: 25.981 Thread 0x0000000009bcb800 nmethod 3468 0x000000000f705750 code [0x000000000f7059e0, 0x000000000f706ff8]
Event: 25.983 Thread 0x0000000009bcb800 3469 %     1       org.unbescape.html.HtmlEscapeSymbols::<init> @ 366 (637 bytes)
Event: 25.985 Thread 0x0000000009bcb800 nmethod 3469% 0x000000000f707d10 code [0x000000000f708180, 0x000000000f709d18]
Event: 25.985 Thread 0x0000000009bcb800 3470       1       org.unbescape.html.HtmlEscapeSymbols::<init> (637 bytes)

GC Heap History (10 events):
Event: 14.800 GC heap before
{Heap before GC invocations=7 (full 1):
 PSYoungGen      total 38400K, used 33280K [0x00000000d5c00000, 0x00000000daf00000, 0x0000000100000000)
  eden space 33280K, 100% used [0x00000000d5c00000,0x00000000d7c80000,0x00000000d7c80000)
  from space 5120K, 0% used [0x00000000d7c80000,0x00000000d7c80000,0x00000000d8180000)
  to   space 9216K, 0% used [0x00000000da600000,0x00000000da600000,0x00000000daf00000)
 ParOldGen       total 48128K, used 5673K [0x0000000081400000, 0x0000000084300000, 0x00000000d5c00000)
  object space 48128K, 11% used [0x0000000081400000,0x000000008198a5e8,0x0000000084300000)
 Metaspace       used 22326K, capacity 23060K, committed 23168K, reserved 1069056K
  class space    used 2992K, capacity 3198K, committed 3200K, reserved 1048576K
Event: 14.841 GC heap after
Heap after GC invocations=7 (full 1):
 PSYoungGen      total 65536K, used 3656K [0x00000000d5c00000, 0x00000000daa80000, 0x0000000100000000)
  eden space 60928K, 0% used [0x00000000d5c00000,0x00000000d5c00000,0x00000000d9780000)
  from space 4608K, 79% used [0x00000000da600000,0x00000000da9923e8,0x00000000daa80000)
  to   space 9728K, 0% used [0x00000000d9780000,0x00000000d9780000,0x00000000da100000)
 ParOldGen       total 48128K, used 5673K [0x0000000081400000, 0x0000000084300000, 0x00000000d5c00000)
  object space 48128K, 11% used [0x0000000081400000,0x000000008198a5e8,0x0000000084300000)
 Metaspace       used 22326K, capacity 23060K, committed 23168K, reserved 1069056K
  class space    used 2992K, capacity 3198K, committed 3200K, reserved 1048576K
}
Event: 16.117 GC heap before
{Heap before GC invocations=8 (full 1):
 PSYoungGen      total 65536K, used 64584K [0x00000000d5c00000, 0x00000000daa80000, 0x0000000100000000)
  eden space 60928K, 100% used [0x00000000d5c00000,0x00000000d9780000,0x00000000d9780000)
  from space 4608K, 79% used [0x00000000da600000,0x00000000da9923e8,0x00000000daa80000)
  to   space 9728K, 0% used [0x00000000d9780000,0x00000000d9780000,0x00000000da100000)
 ParOldGen       total 48128K, used 5673K [0x0000000081400000, 0x0000000084300000, 0x00000000d5c00000)
  object space 48128K, 11% used [0x0000000081400000,0x000000008198a5e8,0x0000000084300000)
 Metaspace       used 26581K, capacity 27870K, committed 28032K, reserved 1073152K
  class space    used 3624K, capacity 3887K, committed 3968K, reserved 1048576K
Event: 16.143 GC heap after
Heap after GC invocations=8 (full 1):
 PSYoungGen      total 70656K, used 7909K [0x00000000d5c00000, 0x00000000dda80000, 0x0000000100000000)
  eden space 60928K, 0% used [0x00000000d5c00000,0x00000000d5c00000,0x00000000d9780000)
  from space 9728K, 81% used [0x00000000d9780000,0x00000000d9f39558,0x00000000da100000)
  to   space 10240K, 0% used [0x00000000dd080000,0x00000000dd080000,0x00000000dda80000)
 ParOldGen       total 48128K, used 5681K [0x0000000081400000, 0x0000000084300000, 0x00000000d5c00000)
  object space 48128K, 11% used [0x0000000081400000,0x000000008198c5e8,0x0000000084300000)
 Metaspace       used 26581K, capacity 27870K, committed 28032K, reserved 1073152K
  class space    used 3624K, capacity 3887K, committed 3968K, reserved 1048576K
}
Event: 18.755 GC heap before
{Heap before GC invocations=9 (full 1):
 PSYoungGen      total 70656K, used 68837K [0x00000000d5c00000, 0x00000000dda80000, 0x0000000100000000)
  eden space 60928K, 100% used [0x00000000d5c00000,0x00000000d9780000,0x00000000d9780000)
  from space 9728K, 81% used [0x00000000d9780000,0x00000000d9f39558,0x00000000da100000)
  to   space 10240K, 0% used [0x00000000dd080000,0x00000000dd080000,0x00000000dda80000)
 ParOldGen       total 48128K, used 5681K [0x0000000081400000, 0x0000000084300000, 0x00000000d5c00000)
  object space 48128K, 11% used [0x0000000081400000,0x000000008198c5e8,0x0000000084300000)
 Metaspace       used 30320K, capacity 31718K, committed 31872K, reserved 1077248K
  class space    used 4110K, capacity 4385K, committed 4480K, reserved 1048576K
Event: 18.779 GC heap after
Heap after GC invocations=9 (full 1):
 PSYoungGen      total 116736K, used 10210K [0x00000000d5c00000, 0x00000000ddd00000, 0x0000000100000000)
  eden space 106496K, 0% used [0x00000000d5c00000,0x00000000d5c00000,0x00000000dc400000)
  from space 10240K, 99% used [0x00000000dd080000,0x00000000dda78890,0x00000000dda80000)
  to   space 12800K, 0% used [0x00000000dc400000,0x00000000dc400000,0x00000000dd080000)
 ParOldGen       total 48128K, used 8668K [0x0000000081400000, 0x0000000084300000, 0x00000000d5c00000)
  object space 48128K, 18% used [0x0000000081400000,0x0000000081c770b8,0x0000000084300000)
 Metaspace       used 30320K, capacity 31718K, committed 31872K, reserved 1077248K
  class space    used 4110K, capacity 4385K, committed 4480K, reserved 1048576K
}
Event: 25.270 GC heap before
{Heap before GC invocations=10 (full 1):
 PSYoungGen      total 116736K, used 65527K [0x00000000d5c00000, 0x00000000ddd00000, 0x0000000100000000)
  eden space 106496K, 51% used [0x00000000d5c00000,0x00000000d92053d0,0x00000000dc400000)
  from space 10240K, 99% used [0x00000000dd080000,0x00000000dda78890,0x00000000dda80000)
  to   space 12800K, 0% used [0x00000000dc400000,0x00000000dc400000,0x00000000dd080000)
 ParOldGen       total 48128K, used 8668K [0x0000000081400000, 0x0000000084300000, 0x00000000d5c00000)
  object space 48128K, 18% used [0x0000000081400000,0x0000000081c770b8,0x0000000084300000)
 Metaspace       used 33639K, capacity 35350K, committed 35456K, reserved 1079296K
  class space    used 4579K, capacity 4916K, committed 4992K, reserved 1048576K
Event: 25.304 GC heap after
Heap after GC invocations=10 (full 1):
 PSYoungGen      total 119296K, used 12503K [0x00000000d5c00000, 0x00000000e0b80000, 0x0000000100000000)
  eden space 106496K, 0% used [0x00000000d5c00000,0x00000000d5c00000,0x00000000dc400000)
  from space 12800K, 97% used [0x00000000dc400000,0x00000000dd035df0,0x00000000dd080000)
  to   space 14336K, 0% used [0x00000000dfd80000,0x00000000dfd80000,0x00000000e0b80000)
 ParOldGen       total 48128K, used 10401K [0x0000000081400000, 0x0000000084300000, 0x00000000d5c00000)
  object space 48128K, 21% used [0x0000000081400000,0x0000000081e284c0,0x0000000084300000)
 Metaspace       used 33639K, capacity 35350K, committed 35456K, reserved 1079296K
  class space    used 4579K, capacity 4916K, committed 4992K, reserved 1048576K
}
Event: 25.304 GC heap before
{Heap before GC invocations=11 (full 2):
 PSYoungGen      total 119296K, used 12503K [0x00000000d5c00000, 0x00000000e0b80000, 0x0000000100000000)
  eden space 106496K, 0% used [0x00000000d5c00000,0x00000000d5c00000,0x00000000dc400000)
  from space 12800K, 97% used [0x00000000dc400000,0x00000000dd035df0,0x00000000dd080000)
  to   space 14336K, 0% used [0x00000000dfd80000,0x00000000dfd80000,0x00000000e0b80000)
 ParOldGen       total 48128K, used 10401K [0x0000000081400000, 0x0000000084300000, 0x00000000d5c00000)
  object space 48128K, 21% used [0x0000000081400000,0x0000000081e284c0,0x0000000084300000)
 Metaspace       used 33639K, capacity 35350K, committed 35456K, reserved 1079296K
  class space    used 4579K, capacity 4916K, committed 4992K, reserved 1048576K
Event: 25.461 GC heap after
Heap after GC invocations=11 (full 2):
 PSYoungGen      total 119296K, used 0K [0x00000000d5c00000, 0x00000000e0b80000, 0x0000000100000000)
  eden space 106496K, 0% used [0x00000000d5c00000,0x00000000d5c00000,0x00000000dc400000)
  from space 12800K, 0% used [0x00000000dc400000,0x00000000dc400000,0x00000000dd080000)
  to   space 14336K, 0% used [0x00000000dfd80000,0x00000000dfd80000,0x00000000e0b80000)
 ParOldGen       total 48128K, used 18651K [0x0000000081400000, 0x0000000084300000, 0x00000000d5c00000)
  object space 48128K, 38% used [0x0000000081400000,0x0000000082636ca8,0x0000000084300000)
 Metaspace       used 33639K, capacity 35350K, committed 35456K, reserved 1079296K
  class space    used 4579K, capacity 4916K, committed 4992K, reserved 1048576K
}

Deoptimization events (0 events):
No events

Classes redefined (0 events):
No events

Internal exceptions (10 events):
Event: 19.672 Thread 0x000000000209e000 Exception <a 'java/lang/ArrayIndexOutOfBoundsException'> (0x00000000d74920b0) thrown at [C:\re\workspace\8-2-build-windows-amd64-cygwin\jdk8u152\9742\hotspot\src\share\vm\runtime\sharedRuntime.cpp, line 605]
Event: 19.672 Thread 0x000000000209e000 Exception <a 'java/lang/ArrayIndexOutOfBoundsException'> (0x00000000d7493300) thrown at [C:\re\workspace\8-2-build-windows-amd64-cygwin\jdk8u152\9742\hotspot\src\share\vm\runtime\sharedRuntime.cpp, line 605]
Event: 19.730 Thread 0x000000000209e000 Exception <a 'java/lang/ArrayIndexOutOfBoundsException'> (0x00000000d75f1da8) thrown at [C:\re\workspace\8-2-build-windows-amd64-cygwin\jdk8u152\9742\hotspot\src\share\vm\runtime\sharedRuntime.cpp, line 605]
Event: 19.732 Thread 0x000000000209e000 Exception <a 'java/lang/ArrayIndexOutOfBoundsException'> (0x00000000d7648320) thrown at [C:\re\workspace\8-2-build-windows-amd64-cygwin\jdk8u152\9742\hotspot\src\share\vm\runtime\sharedRuntime.cpp, line 605]
Event: 19.734 Thread 0x000000000209e000 Exception <a 'java/lang/ArrayIndexOutOfBoundsException'> (0x00000000d7668150) thrown at [C:\re\workspace\8-2-build-windows-amd64-cygwin\jdk8u152\9742\hotspot\src\share\vm\runtime\sharedRuntime.cpp, line 605]
Event: 19.887 Thread 0x000000000209e000 Exception <a 'java/lang/ArrayIndexOutOfBoundsException'> (0x00000000d79e1688) thrown at [C:\re\workspace\8-2-build-windows-amd64-cygwin\jdk8u152\9742\hotspot\src\share\vm\runtime\sharedRuntime.cpp, line 605]
Event: 20.001 Thread 0x000000000209e000 Exception <a 'java/lang/ArrayIndexOutOfBoundsException'> (0x00000000d7c82060) thrown at [C:\re\workspace\8-2-build-windows-amd64-cygwin\jdk8u152\9742\hotspot\src\share\vm\runtime\sharedRuntime.cpp, line 605]
Event: 20.001 Thread 0x000000000209e000 Exception <a 'java/lang/ArrayIndexOutOfBoundsException'> (0x00000000d7c83020) thrown at [C:\re\workspace\8-2-build-windows-amd64-cygwin\jdk8u152\9742\hotspot\src\share\vm\runtime\sharedRuntime.cpp, line 605]
Event: 20.001 Thread 0x000000000209e000 Exception <a 'java/lang/ArrayIndexOutOfBoundsException'> (0x00000000d7c85040) thrown at [C:\re\workspace\8-2-build-windows-amd64-cygwin\jdk8u152\9742\hotspot\src\share\vm\runtime\sharedRuntime.cpp, line 605]
Event: 25.245 Thread 0x000000000ce4c800 Exception <a 'java/lang/NoSuchMethodError': java.lang.Object.lambda$thenComparing$36697e65$1(Ljava/util/Comparator;Ljava/lang/Object;Ljava/lang/Object;)I> (0x00000000d9109c48) thrown at [C:\re\workspace\8-2-build-windows-amd64-cygwin\jdk8u152\9742\hotspot

Events (10 events):
Event: 25.969 loading class org/unbescape/html/Html4EscapeSymbolsInitializer
Event: 25.969 loading class org/unbescape/html/Html4EscapeSymbolsInitializer done
Event: 25.970 loading class org/unbescape/html/HtmlEscapeSymbols$References
Event: 25.970 loading class org/unbescape/html/HtmlEscapeSymbols$References done
Event: 25.970 loading class org/unbescape/html/HtmlEscapeSymbols$Reference
Event: 25.970 loading class org/unbescape/html/HtmlEscapeSymbols$Reference done
Event: 25.971 loading class org/unbescape/html/HtmlEscapeSymbols$1
Event: 25.971 loading class org/unbescape/html/HtmlEscapeSymbols$1 done
Event: 25.974 loading class org/unbescape/html/Html5EscapeSymbolsInitializer
Event: 25.974 loading class org/unbescape/html/Html5EscapeSymbolsInitializer done


Dynamic libraries:
0x000000013f230000 - 0x000000013f267000 	D:\jdk1.8.0_152\bin\java.exe
0x00000000770e0000 - 0x000000007727f000 	C:\windows\SYSTEM32\ntdll.dll
0x0000000076ec0000 - 0x0000000076fdf000 	C:\windows\system32\kernel32.dll
0x000007fefd290000 - 0x000007fefd2fa000 	C:\windows\system32\KERNELBASE.dll
0x000007feff230000 - 0x000007feff30b000 	C:\windows\system32\ADVAPI32.dll
0x000007feff330000 - 0x000007feff3cf000 	C:\windows\system32\msvcrt.dll
0x000007fefea60000 - 0x000007fefea7f000 	C:\windows\SYSTEM32\sechost.dll
0x000007fefd820000 - 0x000007fefd94d000 	C:\windows\system32\RPCRT4.dll
0x0000000076fe0000 - 0x00000000770da000 	C:\windows\system32\USER32.dll
0x000007fefefe0000 - 0x000007feff047000 	C:\windows\system32\GDI32.dll
0x000007fefebe0000 - 0x000007fefebee000 	C:\windows\system32\LPK.dll
0x000007fefd960000 - 0x000007fefda2b000 	C:\windows\system32\USP10.dll
0x000007fefc080000 - 0x000007fefc274000 	C:\windows\WinSxS\amd64_microsoft.windows.common-controls_6595b64144ccf1df_6.0.7601.18837_none_fa3b1e3d17594757\COMCTL32.dll
0x000007fefea80000 - 0x000007fefeaf1000 	C:\windows\system32\SHLWAPI.dll
0x000007fefd5e0000 - 0x000007fefd60e000 	C:\windows\system32\IMM32.DLL
0x000007fefd3e0000 - 0x000007fefd4e9000 	C:\windows\system32\MSCTF.dll
0x000007fefcf90000 - 0x000007fefcfc1000 	C:\windows\system32\nvinitx.dll
0x000000000f000000 - 0x000000000f006000 	C:\Program Files\NVIDIA Corporation\CoProcManager\detoured.dll
0x000007fefa3c0000 - 0x000007fefa3f2000 	C:\Program Files\NVIDIA Corporation\CoProcManager\nvd3d9wrapx.dll
0x000007feff050000 - 0x000007feff227000 	C:\windows\system32\SETUPAPI.dll
0x000007fefd0a0000 - 0x000007fefd0d6000 	C:\windows\system32\CFGMGR32.dll
0x000007fefeb00000 - 0x000007fefebda000 	C:\windows\system32\OLEAUT32.dll
0x000007fefdad0000 - 0x000007fefdccd000 	C:\windows\system32\ole32.dll
0x000007fefd080000 - 0x000007fefd09a000 	C:\windows\system32\DEVOBJ.dll
0x000007fefa2f0000 - 0x000007fefa312000 	C:\Program Files\NVIDIA Corporation\CoProcManager\nvdxgiwrapx.dll
0x0000000069e20000 - 0x0000000069ef2000 	D:\jdk1.8.0_152\jre\bin\msvcr100.dll
0x000000005b2e0000 - 0x000000005bb80000 	D:\jdk1.8.0_152\jre\bin\server\jvm.dll
0x000007fef0af0000 - 0x000007fef0af9000 	C:\windows\system32\WSOCK32.dll
0x000007fefd590000 - 0x000007fefd5dd000 	C:\windows\system32\WS2_32.dll
0x000007fefd950000 - 0x000007fefd958000 	C:\windows\system32\NSI.dll
0x000007fefaa60000 - 0x000007fefaa9b000 	C:\windows\system32\WINMM.dll
0x000007fefbd80000 - 0x000007fefbd8c000 	C:\windows\system32\VERSION.dll
0x0000000077290000 - 0x0000000077297000 	C:\windows\system32\PSAPI.DLL
0x000000006d420000 - 0x000000006d42f000 	D:\jdk1.8.0_152\jre\bin\verify.dll
0x000000006d3f0000 - 0x000000006d419000 	D:\jdk1.8.0_152\jre\bin\java.dll
0x000000006d370000 - 0x000000006d393000 	D:\jdk1.8.0_152\jre\bin\instrument.dll
0x000000006d3d0000 - 0x000000006d3e6000 	D:\jdk1.8.0_152\jre\bin\zip.dll
0x000007fefdcd0000 - 0x000007fefea5a000 	C:\windows\system32\SHELL32.dll
0x000007fefcfd0000 - 0x000007fefcfdf000 	C:\windows\system32\profapi.dll
0x000007feee7f0000 - 0x000007feee80a000 	D:\IntelliJ IDEA 2018.2.6\bin\breakgen64.dll
0x000000006d210000 - 0x000000006d22a000 	D:\jdk1.8.0_152\jre\bin\net.dll
0x000007fefc7f0000 - 0x000007fefc845000 	C:\windows\system32\mswsock.dll
0x000007fefc7e0000 - 0x000007fefc7e7000 	C:\windows\System32\wship6.dll
0x000000006d230000 - 0x000000006d23d000 	D:\jdk1.8.0_152\jre\bin\management.dll
0x0000000069e00000 - 0x0000000069e11000 	D:\jdk1.8.0_152\jre\bin\nio.dll
0x000007fefb100000 - 0x000007fefb115000 	C:\windows\system32\NLAapi.dll
0x000007fef80e0000 - 0x000007fef80f5000 	C:\windows\system32\napinsp.dll
0x000007fef80c0000 - 0x000007fef80d9000 	C:\windows\system32\pnrpnsp.dll
0x000007fefc670000 - 0x000007fefc6cb000 	C:\windows\system32\DNSAPI.dll
0x000007fef80b0000 - 0x000007fef80bb000 	C:\windows\System32\winrnr.dll
0x000007fef80a0000 - 0x000007fef80b0000 	C:\windows\system32\wshbth.dll
0x000007fefbe50000 - 0x000007fefbe57000 	C:\windows\System32\wshtcpip.dll
0x000007fef9da0000 - 0x000007fef9dc7000 	C:\windows\system32\IPHLPAPI.DLL
0x000007fef9d90000 - 0x000007fef9d9b000 	C:\windows\system32\WINNSI.DLL
0x000007fef7120000 - 0x000007fef7128000 	C:\windows\system32\rasadhlp.dll
0x000007fef9c80000 - 0x000007fef9cd3000 	C:\windows\System32\fwpuclnt.dll
0x000007fefc850000 - 0x000007fefc868000 	C:\windows\system32\CRYPTSP.dll
0x000007fefc550000 - 0x000007fefc597000 	C:\windows\system32\rsaenh.dll
0x000007fefbf70000 - 0x000007fefbf8e000 	C:\windows\system32\USERENV.dll
0x000007fefcec0000 - 0x000007fefcecf000 	C:\windows\system32\CRYPTBASE.dll
0x000007fef99d0000 - 0x000007fef99e8000 	C:\windows\system32\dhcpcsvc.DLL
0x000007fef99b0000 - 0x000007fef99c1000 	C:\windows\system32\dhcpcsvc6.DLL

VM Arguments:
jvm_args: -XX:TieredStopAtLevel=1 -Xverify:none -Dspring.output.ansi.enabled=always -Dcom.sun.management.jmxremote -Dcom.sun.management.jmxremote.port=22176 -Dcom.sun.management.jmxremote.authenticate=false -Dcom.sun.management.jmxremote.ssl=false -Djava.rmi.server.hostname=localhost -Dspring.liveBeansView.mbeanDomain -Dspring.application.admin.enabled=true -javaagent:D:\IntelliJ IDEA 2018.2.6\lib\idea_rt.jar=22177:D:\IntelliJ IDEA 2018.2.6\bin -Dfile.encoding=UTF-8 
java_command: com.agile.nju.traveltogether.TraveltogetherApplication
java_class_path (initial): D:\jdk1.8.0_152\jre\lib\charsets.jar;D:\jdk1.8.0_152\jre\lib\deploy.jar;D:\jdk1.8.0_152\jre\lib\ext\access-bridge-64.jar;D:\jdk1.8.0_152\jre\lib\ext\cldrdata.jar;D:\jdk1.8.0_152\jre\lib\ext\dnsns.jar;D:\jdk1.8.0_152\jre\lib\ext\jaccess.jar;D:\jdk1.8.0_152\jre\lib\ext\jfxrt.jar;D:\jdk1.8.0_152\jre\lib\ext\localedata.jar;D:\jdk1.8.0_152\jre\lib\ext\nashorn.jar;D:\jdk1.8.0_152\jre\lib\ext\sunec.jar;D:\jdk1.8.0_152\jre\lib\ext\sunjce_provider.jar;D:\jdk1.8.0_152\jre\lib\ext\sunmscapi.jar;D:\jdk1.8.0_152\jre\lib\ext\sunpkcs11.jar;D:\jdk1.8.0_152\jre\lib\ext\zipfs.jar;D:\jdk1.8.0_152\jre\lib\javaws.jar;D:\jdk1.8.0_152\jre\lib\jce.jar;D:\jdk1.8.0_152\jre\lib\jfr.jar;D:\jdk1.8.0_152\jre\lib\jfxswt.jar;D:\jdk1.8.0_152\jre\lib\jsse.jar;D:\jdk1.8.0_152\jre\lib\management-agent.jar;D:\jdk1.8.0_152\jre\lib\plugin.jar;D:\jdk1.8.0_152\jre\lib\resources.jar;D:\jdk1.8.0_152\jre\lib\rt.jar;F:\travelTogether\target\classes;C:\Users\lenovo\.m2\repository\org\springframework\boot\spring-boot-starter-cache\2.1.1.RELEASE\spring-boot-starter-cache-2.1.1.RELEASE.jar;C:\Users\lenovo\.m2\repository\org\springframework\boot\spring-boot-starter\2.1.1.RELEASE\spring-boot-starter-2.1.1.RELEASE.jar;C:\Users\lenovo\.m2\repository\org\springframework\boot\spring-boot\2.1.1.RELEASE\spring-boot-2.1.1.RELEASE.jar;C:\Users\lenovo\.m2\repository\org\springframework\boot\spring-boot-autoconfigure\2.1.1.RELEASE\spring-boot-autoconfigure-2.1.1.RELEASE.jar;C:\Users\lenovo\.m2\repository\org\springframework\boot\spring-boot-starter-logging\2.1.1.RELEASE\spring-boot-starter-logging-2.1.1.RELEASE.jar;C:\Users\lenovo\.m2\repository\ch\qos\logback\logback-classic\1.2.3\logback-classic-1.2.3.jar;C:\Users\lenovo\.m2\repository\ch\qos\logback\logback-core\1.2.3\logback-core-1.2.3.jar;C:\Users\lenovo\.m2\repository\org\apache\logging\log4j\log4j-to-slf4j\2.11.1\log4j-to-slf4j-2.11.1.jar;C:\Users\lenovo\.m2\repository\org\apache\logging\log4j\log4j-api\2.11.1\log4j-api-2.11.1.jar;C:\Users\
Launcher Type: SUN_STANDARD

Environment Variables:
JAVA_HOME=D:\jdk1.8.0_152
CLASSPATH=;.;D:\jdk1.8.0_152\bin;D:\jdk1.8.0_152\lib;D:\jdk1.8.0_152\lib\tools.jar;D:\jdk1.8.0_152\lib\dt.jar;%JAVA_HOME;E:\Coding\Learn\libraryManager\lib%;D:\sqljdbc4\sqljdbc4.jar;
PATH=D:\jdk1.8.0_152\bin;D:\spark-2.3.2-bin-hadoop2.7\python;D:\spark-2.3.2-bin-hadoop2.7\bin;D:\hadoop-2.8.3\bin;D:\scala\bin;D:\Anaconda3;D:\Anaconda3\Library\mingw-w64\bin;D:\Anaconda3\Library\usr\bin;D:\Anaconda3\Library\bin;D:\Anaconda3\Scripts;D:\apache-maven-3.5.4\bin;D:\ez_setup\androguard-1.9\androguard-1.9;C:\Windows\System32;D:\AndroidSdk\platform-tools;D:\apktool;D:\grep20d_win;D:\ez_setup\androguard-1.9\androguard-1.9;D:\Python27\Scripts;D:\Python27;C:\windows\system32;C:\windows;C:\windows\System32\Wbem;C:\windows\System32\WindowsPowerShell\v1.0\;C:\windows\system32;D:\CTEX\UserData\miktex\bin;D:\CTEX\MiKTeX\miktex\bin;D:\CTEX\CTeX\ctex\bin;D:\CTEX\CTeX\cct\bin;D:\CTEX\CTeX\ty\bin;D:\CTEX\Ghostscript\gs9.05\bin;D:\CTEX\GSview\gsview;D:\CTEX\WinEdt;D:\jdk1.8.0_152\bin;D:\Git\cmd;D:\Rational\common;D:\PuTTY\
USERNAME=lenovo
OS=Windows_NT
PROCESSOR_IDENTIFIER=Intel64 Family 6 Model 60 Stepping 3, GenuineIntel



---------------  S Y S T E M  ---------------

OS: Windows 7 , 64 bit Build 7601 (6.1.7601.24231)

CPU:total 4 (initial active 4) (2 cores per cpu, 2 threads per core) family 6 model 60 stepping 3, cmov, cx8, fxsr, mmx, sse, sse2, sse3, ssse3, sse4.1, sse4.2, popcnt, avx, avx2, aes, clmul, erms, lzcnt, ht, tsc, tscinvbit, bmi1, bmi2

Memory: 4k page, physical 8302960k(173412k free), swap 11726344k(1824k free)

vm_info: Java HotSpot(TM) 64-Bit Server VM (25.152-b16) for windows-amd64 JRE (1.8.0_152-b16), built on Sep 14 2017 02:29:36 by "java_re" with MS VC++ 10.0 (VS2010)

time: Sat Jan 05 14:47:27 2019
elapsed time: 26 seconds (0d 0h 0m 26s)

